<?xml version="1.0" encoding="UTF-8"?>
<!-- Generated by org.testng.reporters.JUnitReportReporter -->
<testsuite skipped="0" hostname="lslcwksg6161309" name="test.RetryLogic" tests="1" failures="0" timestamp="12 Aug 2019 20:36:54 GMT" time="0.013" errors="0">
  <testcase name="test" time="0.013" classname="test.RetryLogic"/>
</testsuite> <!-- test.RetryLogic -->
